<?xml version="1.0" encoding="UTF-8"?>
<coverage generated="1558522045863" clover="3.2.0">
  <project timestamp="1558522045863" name="All files">
    <metrics statements="25" coveredstatements="25" conditionals="11" coveredconditionals="8" methods="5" coveredmethods="5" elements="41" coveredelements="38" complexity="0" loc="25" ncloc="25" packages="2" files="4" classes="4"/>
    <package name="dist.src">
      <metrics statements="17" coveredstatements="17" conditionals="11" coveredconditionals="8" methods="3" coveredmethods="3"/>
      <file name="HTMLComponent.js" path="E:\Repos\react-raw-html\dist\src\HTMLComponent.js">
        <metrics statements="14" coveredstatements="14" conditionals="11" coveredconditionals="8" methods="3" coveredmethods="3"/>
        <line num="2" count="1" type="cond" truecount="3" falsecount="0"/>
        <line num="3" count="1" type="cond" truecount="3" falsecount="1"/>
        <line num="4" count="1" type="stmt"/>
        <line num="5" count="29" type="cond" truecount="2" falsecount="2"/>
        <line num="6" count="1" type="stmt"/>
        <line num="7" count="1" type="stmt"/>
        <line num="9" count="1" type="stmt"/>
        <line num="10" count="1" type="stmt"/>
        <line num="13" count="1" type="stmt"/>
        <line num="14" count="1" type="stmt"/>
        <line num="17" count="1" type="stmt"/>
        <line num="18" count="1" type="stmt"/>
        <line num="19" count="1" type="stmt"/>
        <line num="22" count="1" type="stmt"/>
      </file>
      <file name="index.js" path="E:\Repos\react-raw-html\dist\src\index.js">
        <metrics statements="3" coveredstatements="3" conditionals="0" coveredconditionals="0" methods="0" coveredmethods="0"/>
        <line num="2" count="1" type="stmt"/>
        <line num="3" count="1" type="stmt"/>
        <line num="4" count="1" type="stmt"/>
      </file>
    </package>
    <package name="src">
      <metrics statements="8" coveredstatements="8" conditionals="0" coveredconditionals="0" methods="2" coveredmethods="2"/>
      <file name="HTMLComponent.tsx" path="E:\Repos\react-raw-html\src\HTMLComponent.tsx">
        <metrics statements="7" coveredstatements="7" conditionals="0" coveredconditionals="0" methods="2" coveredmethods="2"/>
        <line num="1" count="1" type="stmt"/>
        <line num="7" count="1" type="stmt"/>
        <line num="10" count="1" type="stmt"/>
        <line num="11" count="1" type="stmt"/>
        <line num="15" count="1" type="stmt"/>
        <line num="16" count="1" type="stmt"/>
        <line num="17" count="1" type="stmt"/>
      </file>
      <file name="index.ts" path="E:\Repos\react-raw-html\src\index.ts">
        <metrics statements="1" coveredstatements="1" conditionals="0" coveredconditionals="0" methods="0" coveredmethods="0"/>
        <line num="1" count="1" type="stmt"/>
      </file>
    </package>
  </project>
</coverage>
