{"E:\\Repos\\react-raw-html\\dist\\src\\HTMLComponent.js": {"path":"E:\\Repos\\react-raw-html\\dist\\src\\HTMLComponent.js","statementMap":{"0":{"start":{"line":2,"column":19},"end":{"line":8,"column":1}},"1":{"start":{"line":3,"column":4},"end":{"line":3,"column":42}},"2":{"start":{"line":3,"column":31},"end":{"line":3,"column":42}},"3":{"start":{"line":4,"column":17},"end":{"line":4,"column":19}},"4":{"start":{"line":5,"column":4},"end":{"line":5,"column":99}},"5":{"start":{"line":5,"column":21},"end":{"line":5,"column":99}},"6":{"start":{"line":5,"column":40},"end":{"line":5,"column":99}},"7":{"start":{"line":5,"column":80},"end":{"line":5,"column":99}},"8":{"start":{"line":6,"column":4},"end":{"line":6,"column":28}},"9":{"start":{"line":7,"column":4},"end":{"line":7,"column":18}},"10":{"start":{"line":9,"column":0},"end":{"line":9,"column":62}},"11":{"start":{"line":10,"column":14},"end":{"line":10,"column":44}},"12":{"start":{"line":13,"column":8},"end":{"line":13,"column":75}},"13":{"start":{"line":16,"column":20},"end":{"line":16,"column":49}},"14":{"start":{"line":17,"column":8},"end":{"line":17,"column":43}},"15":{"start":{"line":18,"column":8},"end":{"line":28,"column":11}},"16":{"start":{"line":19,"column":12},"end":{"line":27,"column":13}},"17":{"start":{"line":20,"column":16},"end":{"line":20,"column":57}},"18":{"start":{"line":22,"column":17},"end":{"line":27,"column":13}},"19":{"start":{"line":23,"column":16},"end":{"line":23,"column":40}},"20":{"start":{"line":26,"column":16},"end":{"line":26,"column":38}},"21":{"start":{"line":31,"column":0},"end":{"line":31,"column":38}}},"fnMap":{"0":{"name":"(anonymous_0)","decl":{"start":{"line":2,"column":50},"end":{"line":2,"column":51}},"loc":{"start":{"line":2,"column":65},"end":{"line":8,"column":1}},"line":2},"1":{"name":"(anonymous_1)","decl":{"start":{"line":12,"column":4},"end":{"line":12,"column":5}},"loc":{"start":{"line":12,"column":13},"end":{"line":14,"column":5}},"line":12},"2":{"name":"(anonymous_2)","decl":{"start":{"line":15,"column":4},"end":{"line":15,"column":5}},"loc":{"start":{"line":15,"column":16},"end":{"line":29,"column":5}},"line":15},"3":{"name":"(anonymous_3)","decl":{"start":{"line":18,"column":46},"end":{"line":18,"column":47}},"loc":{"start":{"line":18,"column":56},"end":{"line":28,"column":9}},"line":18}},"branchMap":{"0":{"loc":{"start":{"line":2,"column":19},"end":{"line":8,"column":1}},"type":"binary-expr","locations":[{"start":{"line":2,"column":20},"end":{"line":2,"column":24}},{"start":{"line":2,"column":28},"end":{"line":2,"column":45}},{"start":{"line":2,"column":50},"end":{"line":8,"column":1}}],"line":2},"1":{"loc":{"start":{"line":3,"column":4},"end":{"line":3,"column":42}},"type":"if","locations":[{"start":{"line":3,"column":4},"end":{"line":3,"column":42}},{"start":{"line":3,"column":4},"end":{"line":3,"column":42}}],"line":3},"2":{"loc":{"start":{"line":3,"column":8},"end":{"line":3,"column":29}},"type":"binary-expr","locations":[{"start":{"line":3,"column":8},"end":{"line":3,"column":11}},{"start":{"line":3,"column":15},"end":{"line":3,"column":29}}],"line":3},"3":{"loc":{"start":{"line":5,"column":4},"end":{"line":5,"column":99}},"type":"if","locations":[{"start":{"line":5,"column":4},"end":{"line":5,"column":99}},{"start":{"line":5,"column":4},"end":{"line":5,"column":99}}],"line":5},"4":{"loc":{"start":{"line":5,"column":40},"end":{"line":5,"column":99}},"type":"if","locations":[{"start":{"line":5,"column":40},"end":{"line":5,"column":99}},{"start":{"line":5,"column":40},"end":{"line":5,"column":99}}],"line":5},"5":{"loc":{"start":{"line":19,"column":12},"end":{"line":27,"column":13}},"type":"if","locations":[{"start":{"line":19,"column":12},"end":{"line":27,"column":13}},{"start":{"line":19,"column":12},"end":{"line":27,"column":13}}],"line":19},"6":{"loc":{"start":{"line":22,"column":17},"end":{"line":27,"column":13}},"type":"if","locations":[{"start":{"line":22,"column":17},"end":{"line":27,"column":13}},{"start":{"line":22,"column":17},"end":{"line":27,"column":13}}],"line":22}},"s":{"0":1,"1":1,"2":0,"3":1,"4":1,"5":1,"6":29,"7":29,"8":1,"9":1,"10":1,"11":1,"12":1,"13":1,"14":1,"15":1,"16":3,"17":1,"18":2,"19":1,"20":1,"21":1},"f":{"0":1,"1":1,"2":1,"3":3},"b":{"0":[1,1,1],"1":[0,1],"2":[1,1],"3":[1,0],"4":[29,0],"5":[1,2],"6":[1,1]},"_coverageSchema":"43e27e138ebf9cfc5966b082cf9a028302ed4184","hash":"90608408b805bceb7b113fd4887fee45d61731cf"}
,"E:\\Repos\\react-raw-html\\dist\\src\\index.js": {"path":"E:\\Repos\\react-raw-html\\dist\\src\\index.js","statementMap":{"0":{"start":{"line":2,"column":0},"end":{"line":2,"column":62}},"1":{"start":{"line":3,"column":22},"end":{"line":3,"column":48}},"2":{"start":{"line":4,"column":0},"end":{"line":4,"column":54}}},"fnMap":{},"branchMap":{},"s":{"0":1,"1":1,"2":1},"f":{},"b":{},"_coverageSchema":"43e27e138ebf9cfc5966b082cf9a028302ed4184","hash":"ad1f446722deaa4afc47c2d2b3662ce186a07020"}
,"E:\\Repos\\react-raw-html\\src\\HTMLComponent.tsx": {"path":"E:\\Repos\\react-raw-html\\src\\HTMLComponent.tsx","statementMap":{"0":{"start":{"line":1,"column":0},"end":{"line":1,"column":31}},"1":{"start":{"line":10,"column":8},"end":{"line":10,"column":67}},"2":{"start":{"line":14,"column":20},"end":{"line":14,"column":49}},"3":{"start":{"line":15,"column":8},"end":{"line":15,"column":43}},"4":{"start":{"line":16,"column":8},"end":{"line":27,"column":11}},"5":{"start":{"line":17,"column":12},"end":{"line":26,"column":null}},"6":{"start":{"line":18,"column":16},"end":{"line":21,"column":19}},"7":{"start":{"line":19,"column":77},"end":{"line":19,"column":98}},"8":{"start":{"line":22,"column":19},"end":{"line":26,"column":null}},"9":{"start":{"line":23,"column":16},"end":{"line":23,"column":40}},"10":{"start":{"line":25,"column":16},"end":{"line":25,"column":38}},"11":{"start":{"line":7,"column":0},"end":{"line":7,"column":13}}},"fnMap":{"0":{"name":"(anonymous_1)","decl":{"start":{"line":9,"column":4},"end":{"line":9,"column":10}},"loc":{"start":{"line":9,"column":10},"end":{"line":11,"column":5}}},"1":{"name":"(anonymous_2)","decl":{"start":{"line":13,"column":4},"end":{"line":13,"column":13}},"loc":{"start":{"line":13,"column":13},"end":{"line":28,"column":5}}},"2":{"name":"(anonymous_3)","decl":{"start":{"line":16,"column":46},"end":{"line":16,"column":47}},"loc":{"start":{"line":16,"column":58},"end":{"line":27,"column":9}}},"3":{"name":"(anonymous_4)","decl":{"start":{"line":19,"column":62},"end":{"line":19,"column":63}},"loc":{"start":{"line":19,"column":77},"end":{"line":19,"column":98}}}},"branchMap":{"0":{"loc":{"start":{"line":17,"column":12},"end":{"line":26,"column":null}},"type":"if","locations":[{"start":{"line":17,"column":12},"end":{"line":26,"column":null}},{"start":{"line":17,"column":12},"end":{"line":26,"column":null}}]},"1":{"loc":{"start":{"line":22,"column":19},"end":{"line":26,"column":null}},"type":"if","locations":[{"start":{"line":22,"column":19},"end":{"line":26,"column":null}},{"start":{"line":22,"column":19},"end":{"line":26,"column":null}}]}},"s":{"0":1,"1":2,"2":2,"3":2,"4":2,"5":10,"6":4,"7":4,"8":6,"9":4,"10":2,"11":1},"f":{"0":2,"1":2,"2":10,"3":4},"b":{"0":[4,6],"1":[4,2]}}
,"E:\\Repos\\react-raw-html\\src\\index.ts": {"path":"E:\\Repos\\react-raw-html\\src\\index.ts","statementMap":{"0":{"start":{"line":1,"column":0},"end":{"line":1,"column":9}},"1":{"start":{"line":1,"column":9},"end":{"line":1,"column":48}}},"fnMap":{},"branchMap":{},"s":{"0":1,"1":1},"f":{},"b":{}}
}
