TN:
SF:E:\Repos\react-raw-html\dist\src\HTMLComponent.js
FN:2,(anonymous_0)
FN:12,(anonymous_1)
FN:15,(anonymous_2)
FN:18,(anonymous_3)
FNF:4
FNH:4
FNDA:1,(anonymous_0)
FNDA:1,(anonymous_1)
FNDA:1,(anonymous_2)
FNDA:3,(anonymous_3)
DA:2,1
DA:3,1
DA:4,1
DA:5,29
DA:6,1
DA:7,1
DA:9,1
DA:10,1
DA:13,1
DA:16,1
DA:17,1
DA:18,1
DA:19,3
DA:20,1
DA:22,2
DA:23,1
DA:26,1
DA:31,1
LF:18
LH:18
BRDA:2,0,0,1
BRDA:2,0,1,1
BRDA:2,0,2,1
BRDA:3,1,0,0
BRDA:3,1,1,1
BRDA:3,2,0,1
BRDA:3,2,1,1
BRDA:5,3,0,1
BRDA:5,3,1,0
BRDA:5,4,0,29
BRDA:5,4,1,0
BRDA:19,5,0,1
BRDA:19,5,1,2
BRDA:22,6,0,1
BRDA:22,6,1,1
BRF:15
BRH:12
end_of_record
TN:
SF:E:\Repos\react-raw-html\dist\src\index.js
FNF:0
FNH:0
DA:2,1
DA:3,1
DA:4,1
LF:3
LH:3
BRF:0
BRH:0
end_of_record
TN:
SF:E:\Repos\react-raw-html\src\HTMLComponent.tsx
FN:9,(anonymous_1)
FN:13,(anonymous_2)
FN:16,(anonymous_3)
FN:19,(anonymous_4)
FNF:4
FNH:4
FNDA:2,(anonymous_1)
FNDA:2,(anonymous_2)
FNDA:10,(anonymous_3)
FNDA:4,(anonymous_4)
DA:1,1
DA:7,1
DA:10,2
DA:14,2
DA:15,2
DA:16,2
DA:17,10
DA:18,4
DA:19,4
DA:22,6
DA:23,4
DA:25,2
LF:12
LH:12
BRDA:17,0,0,4
BRDA:17,0,1,6
BRDA:22,1,0,4
BRDA:22,1,1,2
BRF:4
BRH:4
end_of_record
TN:
SF:E:\Repos\react-raw-html\src\index.ts
FNF:0
FNH:0
DA:1,1
LF:1
LH:1
BRF:0
BRH:0
end_of_record
